<?xml version="1.0" encoding="UTF-8"?>
<testsuite xmlns:xsi="http://www.w3.org/2001/XMLSchema-instance" xsi:noNamespaceSchemaLocation="https://maven.apache.org/surefire/maven-surefire-plugin/xsd/surefire-test-report-3.0.xsd" version="3.0" name="com.example.authenticatingldap.AuthenticatingLdapApplicationTests" time="2.611" tests="2" errors="0" skipped="0" failures="0">
  <properties>
    <property name="java.specification.version" value="21"/>
    <property name="sun.jnu.encoding" value="UTF-8"/>
    <property name="java.class.path" value="/home/aperry/projects/interview/spring/server-test/target/test-classes:/home/aperry/projects/interview/spring/server-test/target/classes:/home/aperry/.m2/repository/org/springframework/boot/spring-boot-starter-web/3.3.0/spring-boot-starter-web-3.3.0.jar:/home/aperry/.m2/repository/org/springframework/boot/spring-boot-starter/3.3.0/spring-boot-starter-3.3.0.jar:/home/aperry/.m2/repository/org/springframework/boot/spring-boot/3.3.0/spring-boot-3.3.0.jar:/home/aperry/.m2/repository/org/springframework/boot/spring-boot-autoconfigure/3.3.0/spring-boot-autoconfigure-3.3.0.jar:/home/aperry/.m2/repository/org/springframework/boot/spring-boot-starter-logging/3.3.0/spring-boot-starter-logging-3.3.0.jar:/home/aperry/.m2/repository/ch/qos/logback/logback-classic/1.5.6/logback-classic-1.5.6.jar:/home/aperry/.m2/repository/ch/qos/logback/logback-core/1.5.6/logback-core-1.5.6.jar:/home/aperry/.m2/repository/org/apache/logging/log4j/log4j-to-slf4j/2.23.1/log4j-to-slf4j-2.23.1.jar:/home/aperry/.m2/repository/org/apache/logging/log4j/log4j-api/2.23.1/log4j-api-2.23.1.jar:/home/aperry/.m2/repository/org/slf4j/jul-to-slf4j/2.0.13/jul-to-slf4j-2.0.13.jar:/home/aperry/.m2/repository/jakarta/annotation/jakarta.annotation-api/2.1.1/jakarta.annotation-api-2.1.1.jar:/home/aperry/.m2/repository/org/yaml/snakeyaml/2.2/snakeyaml-2.2.jar:/home/aperry/.m2/repository/org/springframework/boot/spring-boot-starter-json/3.3.0/spring-boot-starter-json-3.3.0.jar:/home/aperry/.m2/repository/com/fasterxml/jackson/core/jackson-databind/2.17.1/jackson-databind-2.17.1.jar:/home/aperry/.m2/repository/com/fasterxml/jackson/core/jackson-annotations/2.17.1/jackson-annotations-2.17.1.jar:/home/aperry/.m2/repository/com/fasterxml/jackson/core/jackson-core/2.17.1/jackson-core-2.17.1.jar:/home/aperry/.m2/repository/com/fasterxml/jackson/datatype/jackson-datatype-jdk8/2.17.1/jackson-datatype-jdk8-2.17.1.jar:/home/aperry/.m2/repository/com/fasterxml/jackson/datatype/jackson-datatype-jsr310/2.17.1/jackson-datatype-jsr310-2.17.1.jar:/home/aperry/.m2/repository/com/fasterxml/jackson/module/jackson-module-parameter-names/2.17.1/jackson-module-parameter-names-2.17.1.jar:/home/aperry/.m2/repository/org/springframework/boot/spring-boot-starter-tomcat/3.3.0/spring-boot-starter-tomcat-3.3.0.jar:/home/aperry/.m2/repository/org/apache/tomcat/embed/tomcat-embed-core/10.1.24/tomcat-embed-core-10.1.24.jar:/home/aperry/.m2/repository/org/apache/tomcat/embed/tomcat-embed-el/10.1.24/tomcat-embed-el-10.1.24.jar:/home/aperry/.m2/repository/org/apache/tomcat/embed/tomcat-embed-websocket/10.1.24/tomcat-embed-websocket-10.1.24.jar:/home/aperry/.m2/repository/org/springframework/spring-web/6.1.8/spring-web-6.1.8.jar:/home/aperry/.m2/repository/io/micrometer/micrometer-observation/1.13.0/micrometer-observation-1.13.0.jar:/home/aperry/.m2/repository/io/micrometer/micrometer-commons/1.13.0/micrometer-commons-1.13.0.jar:/home/aperry/.m2/repository/org/springframework/spring-webmvc/6.1.8/spring-webmvc-6.1.8.jar:/home/aperry/.m2/repository/org/springframework/spring-expression/6.1.8/spring-expression-6.1.8.jar:/home/aperry/.m2/repository/org/springframework/boot/spring-boot-starter-security/3.3.0/spring-boot-starter-security-3.3.0.jar:/home/aperry/.m2/repository/org/springframework/spring-aop/6.1.8/spring-aop-6.1.8.jar:/home/aperry/.m2/repository/org/springframework/security/spring-security-config/6.3.0/spring-security-config-6.3.0.jar:/home/aperry/.m2/repository/org/springframework/security/spring-security-web/6.3.0/spring-security-web-6.3.0.jar:/home/aperry/.m2/repository/org/springframework/ldap/spring-ldap-core/3.2.3/spring-ldap-core-3.2.3.jar:/home/aperry/.m2/repository/org/springframework/spring-core/6.1.8/spring-core-6.1.8.jar:/home/aperry/.m2/repository/org/springframework/spring-jcl/6.1.8/spring-jcl-6.1.8.jar:/home/aperry/.m2/repository/org/springframework/spring-beans/6.1.8/spring-beans-6.1.8.jar:/home/aperry/.m2/repository/org/springframework/spring-tx/6.1.8/spring-tx-6.1.8.jar:/home/aperry/.m2/repository/org/slf4j/slf4j-api/2.0.13/slf4j-api-2.0.13.jar:/home/aperry/.m2/repository/org/springframework/security/spring-security-ldap/6.3.0/spring-security-ldap-6.3.0.jar:/home/aperry/.m2/repository/org/springframework/security/spring-security-core/6.3.0/spring-security-core-6.3.0.jar:/home/aperry/.m2/repository/org/springframework/security/spring-security-crypto/6.3.0/spring-security-crypto-6.3.0.jar:/home/aperry/.m2/repository/org/springframework/spring-context/6.1.8/spring-context-6.1.8.jar:/home/aperry/.m2/repository/com/unboundid/unboundid-ldapsdk/6.0.11/unboundid-ldapsdk-6.0.11.jar:/home/aperry/.m2/repository/org/springframework/boot/spring-boot-starter-test/3.3.0/spring-boot-starter-test-3.3.0.jar:/home/aperry/.m2/repository/org/springframework/boot/spring-boot-test/3.3.0/spring-boot-test-3.3.0.jar:/home/aperry/.m2/repository/org/springframework/boot/spring-boot-test-autoconfigure/3.3.0/spring-boot-test-autoconfigure-3.3.0.jar:/home/aperry/.m2/repository/com/jayway/jsonpath/json-path/2.9.0/json-path-2.9.0.jar:/home/aperry/.m2/repository/jakarta/xml/bind/jakarta.xml.bind-api/4.0.2/jakarta.xml.bind-api-4.0.2.jar:/home/aperry/.m2/repository/jakarta/activation/jakarta.activation-api/2.1.3/jakarta.activation-api-2.1.3.jar:/home/aperry/.m2/repository/net/minidev/json-smart/2.5.1/json-smart-2.5.1.jar:/home/aperry/.m2/repository/net/minidev/accessors-smart/2.5.1/accessors-smart-2.5.1.jar:/home/aperry/.m2/repository/org/ow2/asm/asm/9.6/asm-9.6.jar:/home/aperry/.m2/repository/org/assertj/assertj-core/3.25.3/assertj-core-3.25.3.jar:/home/aperry/.m2/repository/net/bytebuddy/byte-buddy/1.14.16/byte-buddy-1.14.16.jar:/home/aperry/.m2/repository/org/awaitility/awaitility/4.2.1/awaitility-4.2.1.jar:/home/aperry/.m2/repository/org/hamcrest/hamcrest/2.2/hamcrest-2.2.jar:/home/aperry/.m2/repository/org/junit/jupiter/junit-jupiter/5.10.2/junit-jupiter-5.10.2.jar:/home/aperry/.m2/repository/org/junit/jupiter/junit-jupiter-api/5.10.2/junit-jupiter-api-5.10.2.jar:/home/aperry/.m2/repository/org/opentest4j/opentest4j/1.3.0/opentest4j-1.3.0.jar:/home/aperry/.m2/repository/org/junit/platform/junit-platform-commons/1.10.2/junit-platform-commons-1.10.2.jar:/home/aperry/.m2/repository/org/apiguardian/apiguardian-api/1.1.2/apiguardian-api-1.1.2.jar:/home/aperry/.m2/repository/org/junit/jupiter/junit-jupiter-params/5.10.2/junit-jupiter-params-5.10.2.jar:/home/aperry/.m2/repository/org/junit/jupiter/junit-jupiter-engine/5.10.2/junit-jupiter-engine-5.10.2.jar:/home/aperry/.m2/repository/org/junit/platform/junit-platform-engine/1.10.2/junit-platform-engine-1.10.2.jar:/home/aperry/.m2/repository/org/mockito/mockito-core/5.11.0/mockito-core-5.11.0.jar:/home/aperry/.m2/repository/net/bytebuddy/byte-buddy-agent/1.14.16/byte-buddy-agent-1.14.16.jar:/home/aperry/.m2/repository/org/objenesis/objenesis/3.3/objenesis-3.3.jar:/home/aperry/.m2/repository/org/mockito/mockito-junit-jupiter/5.11.0/mockito-junit-jupiter-5.11.0.jar:/home/aperry/.m2/repository/org/skyscreamer/jsonassert/1.5.1/jsonassert-1.5.1.jar:/home/aperry/.m2/repository/com/vaadin/external/google/android-json/0.0.20131108.vaadin1/android-json-0.0.20131108.vaadin1.jar:/home/aperry/.m2/repository/org/springframework/spring-test/6.1.8/spring-test-6.1.8.jar:/home/aperry/.m2/repository/org/xmlunit/xmlunit-core/2.9.1/xmlunit-core-2.9.1.jar:/home/aperry/.m2/repository/org/springframework/security/spring-security-test/6.3.0/spring-security-test-6.3.0.jar:"/>
    <property name="java.vm.vendor" value="Amazon.com Inc."/>
    <property name="sun.arch.data.model" value="64"/>
    <property name="java.vendor.url" value="https://aws.amazon.com/corretto/"/>
    <property name="user.timezone" value="Europe/London"/>
    <property name="os.name" value="Linux"/>
    <property name="java.vm.specification.version" value="21"/>
    <property name="sun.java.launcher" value="SUN_STANDARD"/>
    <property name="user.country" value="GB"/>
    <property name="sun.boot.library.path" value="/home/aperry/.sdkman/candidates/java/21.0.4-amzn/lib"/>
    <property name="sun.java.command" value="/home/aperry/projects/interview/spring/server-test/target/surefire/surefirebooter-20241104095034289_3.jar /home/aperry/projects/interview/spring/server-test/target/surefire 2024-11-04T09-50-34_231-jvmRun1 surefire-20241104095034289_1tmp surefire_0-20241104095034289_2tmp"/>
    <property name="jdk.debug" value="release"/>
    <property name="surefire.test.class.path" value="/home/aperry/projects/interview/spring/server-test/target/test-classes:/home/aperry/projects/interview/spring/server-test/target/classes:/home/aperry/.m2/repository/org/springframework/boot/spring-boot-starter-web/3.3.0/spring-boot-starter-web-3.3.0.jar:/home/aperry/.m2/repository/org/springframework/boot/spring-boot-starter/3.3.0/spring-boot-starter-3.3.0.jar:/home/aperry/.m2/repository/org/springframework/boot/spring-boot/3.3.0/spring-boot-3.3.0.jar:/home/aperry/.m2/repository/org/springframework/boot/spring-boot-autoconfigure/3.3.0/spring-boot-autoconfigure-3.3.0.jar:/home/aperry/.m2/repository/org/springframework/boot/spring-boot-starter-logging/3.3.0/spring-boot-starter-logging-3.3.0.jar:/home/aperry/.m2/repository/ch/qos/logback/logback-classic/1.5.6/logback-classic-1.5.6.jar:/home/aperry/.m2/repository/ch/qos/logback/logback-core/1.5.6/logback-core-1.5.6.jar:/home/aperry/.m2/repository/org/apache/logging/log4j/log4j-to-slf4j/2.23.1/log4j-to-slf4j-2.23.1.jar:/home/aperry/.m2/repository/org/apache/logging/log4j/log4j-api/2.23.1/log4j-api-2.23.1.jar:/home/aperry/.m2/repository/org/slf4j/jul-to-slf4j/2.0.13/jul-to-slf4j-2.0.13.jar:/home/aperry/.m2/repository/jakarta/annotation/jakarta.annotation-api/2.1.1/jakarta.annotation-api-2.1.1.jar:/home/aperry/.m2/repository/org/yaml/snakeyaml/2.2/snakeyaml-2.2.jar:/home/aperry/.m2/repository/org/springframework/boot/spring-boot-starter-json/3.3.0/spring-boot-starter-json-3.3.0.jar:/home/aperry/.m2/repository/com/fasterxml/jackson/core/jackson-databind/2.17.1/jackson-databind-2.17.1.jar:/home/aperry/.m2/repository/com/fasterxml/jackson/core/jackson-annotations/2.17.1/jackson-annotations-2.17.1.jar:/home/aperry/.m2/repository/com/fasterxml/jackson/core/jackson-core/2.17.1/jackson-core-2.17.1.jar:/home/aperry/.m2/repository/com/fasterxml/jackson/datatype/jackson-datatype-jdk8/2.17.1/jackson-datatype-jdk8-2.17.1.jar:/home/aperry/.m2/repository/com/fasterxml/jackson/datatype/jackson-datatype-jsr310/2.17.1/jackson-datatype-jsr310-2.17.1.jar:/home/aperry/.m2/repository/com/fasterxml/jackson/module/jackson-module-parameter-names/2.17.1/jackson-module-parameter-names-2.17.1.jar:/home/aperry/.m2/repository/org/springframework/boot/spring-boot-starter-tomcat/3.3.0/spring-boot-starter-tomcat-3.3.0.jar:/home/aperry/.m2/repository/org/apache/tomcat/embed/tomcat-embed-core/10.1.24/tomcat-embed-core-10.1.24.jar:/home/aperry/.m2/repository/org/apache/tomcat/embed/tomcat-embed-el/10.1.24/tomcat-embed-el-10.1.24.jar:/home/aperry/.m2/repository/org/apache/tomcat/embed/tomcat-embed-websocket/10.1.24/tomcat-embed-websocket-10.1.24.jar:/home/aperry/.m2/repository/org/springframework/spring-web/6.1.8/spring-web-6.1.8.jar:/home/aperry/.m2/repository/io/micrometer/micrometer-observation/1.13.0/micrometer-observation-1.13.0.jar:/home/aperry/.m2/repository/io/micrometer/micrometer-commons/1.13.0/micrometer-commons-1.13.0.jar:/home/aperry/.m2/repository/org/springframework/spring-webmvc/6.1.8/spring-webmvc-6.1.8.jar:/home/aperry/.m2/repository/org/springframework/spring-expression/6.1.8/spring-expression-6.1.8.jar:/home/aperry/.m2/repository/org/springframework/boot/spring-boot-starter-security/3.3.0/spring-boot-starter-security-3.3.0.jar:/home/aperry/.m2/repository/org/springframework/spring-aop/6.1.8/spring-aop-6.1.8.jar:/home/aperry/.m2/repository/org/springframework/security/spring-security-config/6.3.0/spring-security-config-6.3.0.jar:/home/aperry/.m2/repository/org/springframework/security/spring-security-web/6.3.0/spring-security-web-6.3.0.jar:/home/aperry/.m2/repository/org/springframework/ldap/spring-ldap-core/3.2.3/spring-ldap-core-3.2.3.jar:/home/aperry/.m2/repository/org/springframework/spring-core/6.1.8/spring-core-6.1.8.jar:/home/aperry/.m2/repository/org/springframework/spring-jcl/6.1.8/spring-jcl-6.1.8.jar:/home/aperry/.m2/repository/org/springframework/spring-beans/6.1.8/spring-beans-6.1.8.jar:/home/aperry/.m2/repository/org/springframework/spring-tx/6.1.8/spring-tx-6.1.8.jar:/home/aperry/.m2/repository/org/slf4j/slf4j-api/2.0.13/slf4j-api-2.0.13.jar:/home/aperry/.m2/repository/org/springframework/security/spring-security-ldap/6.3.0/spring-security-ldap-6.3.0.jar:/home/aperry/.m2/repository/org/springframework/security/spring-security-core/6.3.0/spring-security-core-6.3.0.jar:/home/aperry/.m2/repository/org/springframework/security/spring-security-crypto/6.3.0/spring-security-crypto-6.3.0.jar:/home/aperry/.m2/repository/org/springframework/spring-context/6.1.8/spring-context-6.1.8.jar:/home/aperry/.m2/repository/com/unboundid/unboundid-ldapsdk/6.0.11/unboundid-ldapsdk-6.0.11.jar:/home/aperry/.m2/repository/org/springframework/boot/spring-boot-starter-test/3.3.0/spring-boot-starter-test-3.3.0.jar:/home/aperry/.m2/repository/org/springframework/boot/spring-boot-test/3.3.0/spring-boot-test-3.3.0.jar:/home/aperry/.m2/repository/org/springframework/boot/spring-boot-test-autoconfigure/3.3.0/spring-boot-test-autoconfigure-3.3.0.jar:/home/aperry/.m2/repository/com/jayway/jsonpath/json-path/2.9.0/json-path-2.9.0.jar:/home/aperry/.m2/repository/jakarta/xml/bind/jakarta.xml.bind-api/4.0.2/jakarta.xml.bind-api-4.0.2.jar:/home/aperry/.m2/repository/jakarta/activation/jakarta.activation-api/2.1.3/jakarta.activation-api-2.1.3.jar:/home/aperry/.m2/repository/net/minidev/json-smart/2.5.1/json-smart-2.5.1.jar:/home/aperry/.m2/repository/net/minidev/accessors-smart/2.5.1/accessors-smart-2.5.1.jar:/home/aperry/.m2/repository/org/ow2/asm/asm/9.6/asm-9.6.jar:/home/aperry/.m2/repository/org/assertj/assertj-core/3.25.3/assertj-core-3.25.3.jar:/home/aperry/.m2/repository/net/bytebuddy/byte-buddy/1.14.16/byte-buddy-1.14.16.jar:/home/aperry/.m2/repository/org/awaitility/awaitility/4.2.1/awaitility-4.2.1.jar:/home/aperry/.m2/repository/org/hamcrest/hamcrest/2.2/hamcrest-2.2.jar:/home/aperry/.m2/repository/org/junit/jupiter/junit-jupiter/5.10.2/junit-jupiter-5.10.2.jar:/home/aperry/.m2/repository/org/junit/jupiter/junit-jupiter-api/5.10.2/junit-jupiter-api-5.10.2.jar:/home/aperry/.m2/repository/org/opentest4j/opentest4j/1.3.0/opentest4j-1.3.0.jar:/home/aperry/.m2/repository/org/junit/platform/junit-platform-commons/1.10.2/junit-platform-commons-1.10.2.jar:/home/aperry/.m2/repository/org/apiguardian/apiguardian-api/1.1.2/apiguardian-api-1.1.2.jar:/home/aperry/.m2/repository/org/junit/jupiter/junit-jupiter-params/5.10.2/junit-jupiter-params-5.10.2.jar:/home/aperry/.m2/repository/org/junit/jupiter/junit-jupiter-engine/5.10.2/junit-jupiter-engine-5.10.2.jar:/home/aperry/.m2/repository/org/junit/platform/junit-platform-engine/1.10.2/junit-platform-engine-1.10.2.jar:/home/aperry/.m2/repository/org/mockito/mockito-core/5.11.0/mockito-core-5.11.0.jar:/home/aperry/.m2/repository/net/bytebuddy/byte-buddy-agent/1.14.16/byte-buddy-agent-1.14.16.jar:/home/aperry/.m2/repository/org/objenesis/objenesis/3.3/objenesis-3.3.jar:/home/aperry/.m2/repository/org/mockito/mockito-junit-jupiter/5.11.0/mockito-junit-jupiter-5.11.0.jar:/home/aperry/.m2/repository/org/skyscreamer/jsonassert/1.5.1/jsonassert-1.5.1.jar:/home/aperry/.m2/repository/com/vaadin/external/google/android-json/0.0.20131108.vaadin1/android-json-0.0.20131108.vaadin1.jar:/home/aperry/.m2/repository/org/springframework/spring-test/6.1.8/spring-test-6.1.8.jar:/home/aperry/.m2/repository/org/xmlunit/xmlunit-core/2.9.1/xmlunit-core-2.9.1.jar:/home/aperry/.m2/repository/org/springframework/security/spring-security-test/6.3.0/spring-security-test-6.3.0.jar:"/>
    <property name="sun.cpu.endian" value="little"/>
    <property name="user.home" value="/home/aperry"/>
    <property name="user.language" value="en"/>
    <property name="java.specification.vendor" value="Oracle Corporation"/>
    <property name="java.version.date" value="2024-07-16"/>
    <property name="java.home" value="/home/aperry/.sdkman/candidates/java/21.0.4-amzn"/>
    <property name="file.separator" value="/"/>
    <property name="basedir" value="/home/aperry/projects/interview/spring/server-test"/>
    <property name="java.vm.compressedOopsMode" value="Zero based"/>
    <property name="line.separator" value="&#10;"/>
    <property name="java.vm.specification.vendor" value="Oracle Corporation"/>
    <property name="java.specification.name" value="Java Platform API Specification"/>
    <property name="FILE_LOG_CHARSET" value="UTF-8"/>
    <property name="java.awt.headless" value="true"/>
    <property name="surefire.real.class.path" value="/home/aperry/projects/interview/spring/server-test/target/surefire/surefirebooter-20241104095034289_3.jar"/>
    <property name="sun.management.compiler" value="HotSpot 64-Bit Tiered Compilers"/>
    <property name="java.runtime.version" value="21.0.4+7-LTS"/>
    <property name="user.name" value="aperry"/>
    <property name="stdout.encoding" value="UTF-8"/>
    <property name="path.separator" value=":"/>
    <property name="os.version" value="6.8.0-45-generic"/>
    <property name="java.runtime.name" value="OpenJDK Runtime Environment"/>
    <property name="file.encoding" value="UTF-8"/>
    <property name="java.vm.name" value="OpenJDK 64-Bit Server VM"/>
    <property name="java.vendor.version" value="Corretto-21.0.4.7.1"/>
    <property name="localRepository" value="/home/aperry/.m2/repository"/>
    <property name="java.vendor.url.bug" value="https://github.com/corretto/corretto-21/issues/"/>
    <property name="java.io.tmpdir" value="/tmp"/>
    <property name="java.version" value="21.0.4"/>
    <property name="user.dir" value="/home/aperry/projects/interview/spring/server-test"/>
    <property name="os.arch" value="amd64"/>
    <property name="java.vm.specification.name" value="Java Virtual Machine Specification"/>
    <property name="PID" value="23235"/>
    <property name="CONSOLE_LOG_CHARSET" value="UTF-8"/>
    <property name="native.encoding" value="UTF-8"/>
    <property name="java.library.path" value="/usr/java/packages/lib:/usr/lib64:/lib64:/lib:/usr/lib"/>
    <property name="java.vm.info" value="mixed mode, sharing"/>
    <property name="stderr.encoding" value="UTF-8"/>
    <property name="java.vendor" value="Amazon.com Inc."/>
    <property name="java.vm.version" value="21.0.4+7-LTS"/>
    <property name="sun.io.unicode.encoding" value="UnicodeLittle"/>
    <property name="java.class.version" value="65.0"/>
  </properties>
  <testcase name="loginWithInvalidUserThenUnauthenticated" classname="com.example.authenticatingldap.AuthenticatingLdapApplicationTests" time="0.648">
    <system-out><![CDATA[09:50:34.759 [main] INFO org.springframework.test.context.support.AnnotationConfigContextLoaderUtils -- Could not detect default configuration classes for test class [com.example.authenticatingldap.AuthenticatingLdapApplicationTests]: AuthenticatingLdapApplicationTests does not declare any static, non-private, non-final, nested classes annotated with @Configuration.
09:50:34.822 [main] INFO org.springframework.boot.test.context.SpringBootTestContextBootstrapper -- Found @SpringBootConfiguration com.example.authenticatingldap.AuthenticatingLdapApplication for test class com.example.authenticatingldap.AuthenticatingLdapApplicationTests
  .   ____          _            __ _ _
 /\\ / ___'_ __ _ _(_)_ __  __ _ \ \ \ \
( ( )\___ | '_ | '_| | '_ \/ _` | \ \ \ \
 \\/  ___)| |_)| | | | | || (_| |  ) ) ) )
  '  |____| .__|_| |_|_| |_\__, | / / / /
 =========|_|==============|___/=/_/_/_/

 :: Spring Boot ::                (v3.3.0)

2024-11-04T09:50:35.103Z  INFO 23235 --- [           main] c.e.a.AuthenticatingLdapApplicationTests : Starting AuthenticatingLdapApplicationTests using Java 21.0.4 with PID 23235 (started by aperry in /home/aperry/projects/interview/spring/server-test)
2024-11-04T09:50:35.104Z  INFO 23235 --- [           main] c.e.a.AuthenticatingLdapApplicationTests : No active profile set, falling back to 1 default profile: "default"
2024-11-04T09:50:35.849Z  INFO 23235 --- [           main] s.s.l.DefaultSpringSecurityContextSource : Configure with URL ldap://localhost:8389/dc=springframework,dc=org and root DN dc=springframework,dc=org
2024-11-04T09:50:35.851Z  INFO 23235 --- [           main] o.s.l.c.support.AbstractContextSource    : Property 'userDn' not set - anonymous context will be used for read-only operations
2024-11-04T09:50:35.874Z  WARN 23235 --- [           main] .s.s.UserDetailsServiceAutoConfiguration : 

Using generated security password: d87f3478-fb48-4162-871a-f1f336366a39

This generated password is for development use only. Your security configuration must be updated before running your application in production.

2024-11-04T09:50:35.876Z  WARN 23235 --- [           main] r$InitializeUserDetailsManagerConfigurer : Global AuthenticationManager configured with an AuthenticationProvider bean. UserDetailsService beans will not be used for username/password login. Consider removing the AuthenticationProvider bean. Alternatively, consider using the UserDetailsService in a manually instantiated DaoAuthenticationProvider.
2024-11-04T09:50:36.069Z  INFO 23235 --- [           main] o.s.s.web.DefaultSecurityFilterChain     : Will secure any request with [org.springframework.security.web.session.DisableEncodeUrlFilter@5a917723, org.springframework.security.web.context.request.async.WebAsyncManagerIntegrationFilter@7e4579c7, org.springframework.security.web.context.SecurityContextHolderFilter@b0a1231, org.springframework.security.web.header.HeaderWriterFilter@3e0fbeb5, org.springframework.web.filter.CorsFilter@796f632b, org.springframework.security.web.csrf.CsrfFilter@53a84ff4, org.springframework.security.web.authentication.logout.LogoutFilter@5f5effb0, org.springframework.security.web.authentication.UsernamePasswordAuthenticationFilter@771a7d53, org.springframework.security.web.authentication.ui.DefaultLoginPageGeneratingFilter@77f905e3, org.springframework.security.web.authentication.ui.DefaultLogoutPageGeneratingFilter@5d94a2dc, org.springframework.security.web.savedrequest.RequestCacheAwareFilter@4694f434, org.springframework.security.web.servletapi.SecurityContextHolderAwareRequestFilter@dd2856e, org.springframework.security.web.authentication.AnonymousAuthenticationFilter@cedee22, org.springframework.security.web.access.ExceptionTranslationFilter@19e0dffe, org.springframework.security.web.access.intercept.AuthorizationFilter@66a5755]
2024-11-04T09:50:36.392Z  INFO 23235 --- [           main] o.s.l.c.support.AbstractContextSource    : Property 'userDn' not set - anonymous context will be used for read-only operations
2024-11-04T09:50:36.490Z  INFO 23235 --- [           main] o.s.b.t.m.w.SpringBootMockServletContext : Initializing Spring TestDispatcherServlet ''
2024-11-04T09:50:36.490Z  INFO 23235 --- [           main] o.s.t.web.servlet.TestDispatcherServlet  : Initializing Servlet ''
2024-11-04T09:50:36.491Z  INFO 23235 --- [           main] o.s.t.web.servlet.TestDispatcherServlet  : Completed initialization in 1 ms
2024-11-04T09:50:36.519Z  INFO 23235 --- [           main] c.e.a.AuthenticatingLdapApplicationTests : Started AuthenticatingLdapApplicationTests in 1.612 seconds (process running for 2.187)
]]></system-out>
    <system-err><![CDATA[WARNING: A Java agent has been loaded dynamically (/home/aperry/.m2/repository/net/bytebuddy/byte-buddy-agent/1.14.16/byte-buddy-agent-1.14.16.jar)
WARNING: If a serviceability tool is in use, please run with -XX:+EnableDynamicAgentLoading to hide this warning
WARNING: If a serviceability tool is not in use, please run with -Djdk.instrument.traceUsage for more information
WARNING: Dynamic loading of agents will be disallowed by default in a future release
]]></system-err>
  </testcase>
  <testcase name="loginWithValidUserThenAuthenticated" classname="com.example.authenticatingldap.AuthenticatingLdapApplicationTests" time="0.08"/>
</testsuite>